\BOOKMARK [1][-]{section.1}{Introduction}{}% 1
\BOOKMARK [1][-]{section.2}{Model}{}% 2
\BOOKMARK [2][-]{subsection.2.1}{Choices and Constraints}{section.2}% 3
\BOOKMARK [2][-]{subsection.2.2}{Technology and Cost Minimization}{section.2}% 4
\BOOKMARK [3][-]{subsubsection.2.2.1}{Cost Minimization}{subsection.2.2}% 5
\BOOKMARK [2][-]{subsection.2.3}{Preferences}{section.2}% 6
\BOOKMARK [1][-]{section.3}{Solving the Model}{}% 7
\BOOKMARK [2][-]{subsection.3.1}{Simplifying the Problem}{section.3}% 8
\BOOKMARK [2][-]{subsection.3.2}{Solving Investment}{section.3}% 9
\BOOKMARK [2][-]{subsection.3.3}{Choice Probabilities, Value Functions, and Extending the Model}{section.3}% 10
\BOOKMARK [1][-]{section.4}{Policy Functions of Interest}{}% 11
\BOOKMARK [1][-]{section.5}{Key Equations}{}% 12
\BOOKMARK [2][-]{subsection.5.1}{Child Outcomes}{section.5}% 13
\BOOKMARK [2][-]{subsection.5.2}{Childcare Expenditure}{section.5}% 14
\BOOKMARK [2][-]{subsection.5.3}{Labor Force Participation}{section.5}% 15
\BOOKMARK [2][-]{subsection.5.4}{Time Limits and Program Participation}{section.5}% 16
\BOOKMARK [2][-]{subsection.5.5}{Identification}{section.5}% 17
\BOOKMARK [2][-]{subsection.5.6}{Estimation}{section.5}% 18
\BOOKMARK [1][-]{section.6}{Modelling Transfers and Policies}{}% 19
\BOOKMARK [2][-]{subsection.6.1}{Control Groups}{section.6}% 20
\BOOKMARK [2][-]{subsection.6.2}{MFIP}{section.6}% 21
\BOOKMARK [2][-]{subsection.6.3}{CT-Jobs First}{section.6}% 22
\BOOKMARK [2][-]{subsection.6.4}{FTP}{section.6}% 23
\BOOKMARK [2][-]{subsection.6.5}{Work Requirements}{section.6}% 24
